対象（active）: 71院 / 未対応: 51院
  [1/51] 小寺歯科医院  総合0点 📡0ソース
  [2/51] 高橋歯科医院  総合0点 📡0ソース
  [3/51] 橋谷歯科  総合0点 📡0ソース
  [4/51] 能治歯科・矯正歯科  総合0点 📡0ソース
  [5/51] 原田歯科医院  総合0点 📡0ソース
  [6/51] 関本矯正歯科  総合67点 📡2ソース
  [7/51] 広瀬歯科クリニック  総合52点 📡1ソース
  [8/51] 芦屋川 聖栄歯科医院・矯正歯科  総合82点 📡3ソース
  [9/51] さきた歯科  総合0点 📡0ソース
  [10/51] 崎田歯科医院  総合65点 📡1ソース
  [11/51] 中山歯科  総合85点 📡1ソース
  [12/51] 芦屋川デンタルクリニック  総合77点 📡1ソース
  [13/51] 藤本歯科医院  総合87点 📡1ソース
  [14/51] 岡歯科医院  総合0点 📡0ソース
  [15/51] 長谷川歯科  総合0点 📡0ソース
  [16/51] 池沢歯科医院  総合75点 📡1ソース
  [17/51] 若林歯科医院  総合67点 📡1ソース
  [18/51] 依藤歯科  総合45点 📡1ソース
  [19/51] わかば西川デンタルクリニック  総合75点 📡1ソース
  [20/51] 芦屋ベンクリニック  総合55点 📡1ソース
  💾 20件完了・保存
  [21/51] 毎日デンタルクリニック芦屋診療所  総合83点 📡2ソース
  [22/51] 芦屋M&S歯科・矯正クリニック JR駅前院  総合88点 📡3ソース
  [23/51] Lotus Medicine Health＆Be  総合77点 📡2ソース
  [24/51] まるやま矯正歯科  総合0点 📡0ソース
  [25/51] 上住歯科医院  総合77点 📡0ソース
  [26/51] 医療法人なないろ歯科・こども矯正歯科クリニック  総合80点 📡3ソース
  [27/51] としま歯科矯正歯科クリニック  総合100点 📡3ソース
  [28/51] かとう歯科  総合15点 📡1ソース
  [29/51] にしきデンタルクリニック  総合77点 📡3ソース
  [30/51] すみおか歯科口腔外科  総合75点 📡3ソース
  [31/51] ラ・ミカ矯正歯科（LA MIKA ORTHODO  総合80点 📡3ソース
  [32/51] 聖愛歯科医院・せいあい矯正歯科  総合40点 📡3ソース
  [33/51] にしき歯科医院  総合65点 📡2ソース
  [34/51] 仁木歯科医院  総合0点 📡0ソース
  [35/51] 齒科松木醫院  総合0点 📡0ソース
  [36/51] 永井歯科クリニック  総合72点 📡3ソース
  [37/51] 芦屋歯医者しんたに歯科医院  総合80点 📡2ソース
  [38/51] きしだ歯科  総合0点 📡0ソース
  [39/51] いわもと歯科・矯正歯科  総合82点 📡2ソース
  [40/51] 野阪口腔外科クリニック  総合0点 📡0ソース
  💾 40件完了・保存
  [41/51] 多田羅歯科医院  総合22点 📡0ソース
  [42/51] ナカニシデンタルオフィス  総合82点 📡3ソース
  [43/51] 医療法人社団M&S歯科クリニック 芦屋M&S歯科  総合92点 📡3ソース
  [44/51] 杉井歯科  総合0点 📡1ソース
  [45/51] 村岡歯科  総合40点 📡1ソース
  [46/51] 芦屋あき歯科クリニック  総合80点 📡3ソース
  [47/51] サリー歯科クリニック  総合65点 📡1ソース
  [48/51] 楠瀬歯科医院  総合0点 📡0ソース
  [49/51] 芦屋メディカルコミュニティー山内歯科口腔外科  総合22点 📡0ソース
  [50/51] 朝日ケ丘タカハシデンタルクリニック  総合75点 📡2ソース
  [51/51] 芦屋なのはな歯科  総合65点 📡3ソース

✅ 完了：51院を新スキーマに更新しました
