
============================================================
  芦屋歯科総研 医院DB構築 v4.0  2026-07-08
  設計思想: 全院網羅（Nearby Search グリッド）+ AI評判生成
  グリッド数: 56点（間隔0.008度・半径600m）
  現在のDB  : 0院
  足切り    : 閉業のみ（評価・口コミ数での除外なし）
============================================================

【Phase 1】Nearby Search グリッド — 芦屋市全域を座標で網羅
  目標: 検索順位・SEOに依存せず存在する全医院を取得

  🔲 [  1/56] (34.7, 135.28) → 0件（新規: 0院）
  🔲 [  2/56] (34.7, 135.288) → 0件（新規: 0院）
  🔲 [  3/56] (34.7, 135.296) → 0件（新規: 0院）
  🔲 [  4/56] (34.7, 135.304) → 0件（新規: 0院）
  🔲 [  5/56] (34.7, 135.312) → 0件（新規: 0院）
  🔲 [  6/56] (34.7, 135.32) → 0件（新規: 0院）
  🔲 [  7/56] (34.7, 135.328) → 0件（新規: 0院）
  🔲 [  8/56] (34.708, 135.28) → 2件（新規: 2院）
    ▶ 飯田歯科医院（★0・0件）  総合0点 📡0ソース
    ▶ かねむら歯科医院（★5・3件）  総合0点 📡0ソース
  🔲 [  9/56] (34.708, 135.288) → 0件（新規: 0院）
  🔲 [ 10/56] (34.708, 135.296) → 0件（新規: 0院）
  🔲 [ 11/56] (34.708, 135.304) → 0件（新規: 0院）
  🔲 [ 12/56] (34.708, 135.312) → 2件（新規: 2院）
    ▶ デンタルクリニックツジ（★4.8・276件）  総合8点 📡0ソース
    ▶ まつお歯科（★3・2件）  総合0点 📡0ソース
  🔲 [ 13/56] (34.708, 135.32) → 1件（新規: 0院）
    ▶ まつお歯科（★3・2件）  総合0点 📡0ソース
  🔲 [ 14/56] (34.708, 135.328) → 2件（新規: 2院）
    ▶ おだ歯科医院（★4.3・35件）  総合5点 📡0ソース
    ▶ 三浦歯科医院（★4.5・2件）  総合0点 📡0ソース
  🔲 [ 15/56] (34.716, 135.28) → 12件（新規: 11院）
    ▶ 山口歯科医院（★3.7・6件）  総合0点 📡0ソース
    ▶ 古市歯科医院（★0・0件）  総合0点 📡0ソース
    ▶ 飯田歯科医院（★0・0件）  総合0点 📡0ソース
    ▶ いちご歯科医院（★4.7・10件）  総合2点 📡0ソース
    ▶ 杉本歯科医院（★4.3・6件）  総合2点 📡0ソース
    ▶ なかむら歯科（★0・0件）  総合0点 📡0ソース
    ▶ えびすデンタルクリニック（★4.3・49件）  総合5点 📡0ソース
    ▶ はぐくむ歯科クリニック（★4・17件）  総合2点 📡0ソース
    ▶ 井上歯科医院（★4.9・8件）  総合2点 📡0ソース
    ▶ にい歯科・矯正歯科（★4.5・158件）  