========================================================
  公式サイト深掘り  対象 150院  FORCE=False
========================================================
  [1/150] かねむら歯科医院  👤🦷
  [2/150] デンタルクリニックツジ  👤🦷
  [3/150] まつお歯科  👤🦷
  [4/150] おだ歯科医院  👤🦷
  [5/150] 三浦歯科医院  👤
  [6/150] 山口歯科医院    🦷
  [7/150] えびすデンタルクリニック  👤🦷
  [8/150] はぐくむ歯科クリニック  👤
  [9/150] 井上歯科医院  ✗取得失敗
  [10/150] にい歯科・矯正歯科  👤
  [11/150] 吉川歯科医院  👤
  [12/150] 石﨑歯科医院  👤
  [13/150] 芦屋もみじ歯科  👤🦷
  [14/150] 芦屋浜歯科クリニック  👤
  [15/150] はしもと歯科医院    
  [16/150] 倉井歯科医院  👤
  [17/150] 歯科 りりあ堂  👤🦷
  [18/150] 岡田歯科    🦷
  [19/150] 雨宮歯科医院    
  [20/150] 白神歯科クリニック  👤🦷
    💾 20院保存 / 院長15 設備10
  [21/150] もり歯科クリニック  👤🦷
  [22/150] 中尾歯科医院  👤🦷
  [23/150] すがたデンタルクリニック  👤🦷
  [24/150] 森岡歯科口腔外科    
  [25/150] 上田歯科医院  👤🦷
  [26/150] もとやまエキ歯科  👤🦷
  [27/150] ひしかわ歯科矯正歯科  👤
  [28/150] こいずみ歯科医院  👤
  [29/150] 足立優歯科  👤
  [30/150] 神戸岡本すずらん歯科クリニック  👤🦷
  [31/150] THE WHITENING 神戸岡本デン  👤
  [32/150] しのはら矯正歯科    
  [33/150] Endo Dental Clinic  👤
  [34/150] Nishimatsu Dental Cl  👤
  [35/150] Daifu Dental Clinic  👤🦷
  [36/150] cheval blanc    
  [37/150] ふじもと歯科診療所  👤🦷
  [38/150] Hohoemi Dental Clini  👤🦷
  [39/150] いいじま歯科医院    
  [40/150] すがぬま歯科クリニック  👤🦷
    💾 40院保存 / 院長31 設備20
  [41/150] にしむら歯科医院    🦷
  [42/150] 医療法人社団ながせデンタルクリニック/歯  👤🦷
  [43/150] むらかみ矯正歯科・小児歯科（旧 村上ちな  👤
  [44/150] おのデンタルクリニック  👤🦷
  [45/150] にしうみ歯科・矯正歯科  👤🦷
  [46/150] 神田歯科医院  👤
  [47/150] 歯医者 Les芦屋デンタルクリニック 甲  👤🦷
  [48/150] 船岡歯科医院  👤🦷
  [49/150] あらまき歯科医院    
  [50/150] Lioデンタルクリニック  👤
  [51/150] なかにし歯科ホームケアクリニック  👤🦷
  [52/150] うらら歯科医院  👤
  [53/150] おのえ歯科医院  👤
  [54/150] 和田歯科医院  👤🦷
  [55/150] Kameda Dental Clinic    
  [56/150] のとはら歯科医院 芦屋診療所  👤
  [57/150] 芦屋ひだまり歯科矯正クリニック  👤🦷
  [58/150] 坪内歯科医院    
  [59/150] はまもと歯科クリニック  👤🦷
  [60/150] Bio Dental Clinic AS  👤🦷
    💾 60院保存 / 院長47 設備31
  [61/150] 藤田歯科診療所    
  [62/150] もりわき歯科  👤🦷
  [63/150] むらまつ歯科クリニック    
  [64/150] 合田矯正歯科クリニック  👤
  [65/150] 芦屋ファミリー歯科クリニック  👤🦷
  [66/150] さくら歯科  👤🦷
  [67/150] 芦屋浜風のはいしゃさん 神田歯科  👤
  [68/150] なむら歯科    
  [69/150] りく歯科クリニック  👤
  [70/150] りえ歯科  👤
  [71/150] のだ歯科医院  👤
  [72/150] ママとこどものはいしゃさん神戸甲南山手院  👤
  [73/150] ママとこどものはいしゃさん 甲南山手クリ  👤
  [74/150] 甲南山手 すみれ歯科・矯正歯科  👤
  [75/150] 亀田歯科クリニック    
  [76/150] 博愛歯科医院  👤🦷
  [77/150] 福山デンタルクリニック  👤🦷
  [78/150] 新田歯科クリニック    🦷
  [79/150] 富塚歯科医院    🦷
  [80/150] 尾上歯科クリニック  👤🦷
    💾 80院保存 / 院長61 設備39
  [81/150] 関本矯正歯科  👤🦷
  [82/150] 広瀬歯科クリニック    
  [83/150] 芦屋川 聖栄歯科医院・矯正歯科  👤🦷
  [84/150] 崎田歯科医院    
  [85/150] 中山歯科  👤🦷
  [86/150] 芦屋川デンタルクリニック  👤🦷
  [87/150] 藤本歯科医院    
  [88/150] 池沢歯科医院  👤
  [89/150] 若林歯科医院  👤
  [90/150] 依藤歯科    
  [91/150] わかば西川デンタルクリニック  👤
  [92/150] 芦屋ベンクリニック    
  [93/150] 毎日デンタルクリニック芦屋診療所  👤
  [94/150] ホワイトニングショップ芦屋    
  [95/150] 芦屋M&S歯科・矯正クリニック JR駅前  👤
  [96/150] Lotus Medicine Healt  👤
  [97/150] Mori Dental Clinic    🦷
  [98/150] Ashiyamaniwa Dental   👤🦷
  [99/150] LAGOM oral maintenan  👤🦷
  [100/150] Kimukyosei Dental Cl  👤🦷
    💾 100院保存 / 院長74 設備47
  [101/150] 芦屋ラポルテ歯の予防クリニック    
  [102/150] Watanabe Dental Clin  👤
  [103/150] まるやま矯正歯科  ✗取得失敗
  [104/150] Iryo Hojin Shadan TD  👤
  [105/150] Haguruma Dental Clin  👤🦷
  [106/150] 医療法人なないろ歯科・こども矯正歯科クリ  👤🦷
  [107/150] としま歯科矯正歯科クリニック  👤
  [108/150] かとう歯科    
  [109/150] にしきデンタルクリニック  👤
  [110/150] すみおか歯科口腔外科  👤🦷
  [111/150] ラ・ミカ矯正歯科（LA MIKA ORT  👤
  [112/150] 聖愛歯科医院・せいあい矯正歯科  👤
  [113/150] にしき歯科医院  👤
  [114/150] 永井歯科クリニック  👤🦷
  [115/150] 芦屋歯医者しんたに歯科医院  👤🦷
  [116/150] むらまつ歯科  👤
  [117/150] シバタ歯科医院  👤🦷
  [118/150] 末武歯科医院    🦷
  [119/150] なかがわ歯科クリニック  👤🦷
  [120/150] いわもと歯科・矯正歯科  👤
    💾 120院保存 / 院長90 設備55
  [121/150] ナカニシデンタルオフィス  👤🦷
  [122/150] 医療法人社団M&S歯科クリニック 芦屋M  👤🦷
  [123/150] 杉井歯科    
  [124/150] 村岡歯科    
  [125/150] 芦屋あき歯科クリニック  👤🦷
  [126/150] サリー歯科クリニック    
  [127/150] 松岡歯科 (夙川/予防歯科/歯列矯正)  👤
  [128/150] 夙川いしみね歯科・小児歯科・矯正歯科  👤🦷
  [129/150] 夙川やまもと歯科  👤
  [130/150] 沢田歯科医院  👤
  [131/150] 夙川グリーンタウン矯正歯科    
  [132/150] 医療法人社団 さくら夙川駅前おきた歯科・  👤🦷
  [133/150] 小西デンタルクリニック  👤🦷
  [134/150] 鈴木歯科医院    
  [135/150] 医療法人真生会 夙川駅前デンタルケアクリ  👤
  [136/150] 西宮夙川ひかる歯科クリニック  👤🦷
  [137/150] 美帆矯正歯科クリニック  👤🦷
  [138/150] 峯デンタルオフィス    🦷
  [139/150] 朝日ケ丘タカハシデンタルクリニック  👤🦷
  [140/150] まつおか歯科医院    
    💾 140院保存 / 院長103 設備65
  [141/150] 山本歯科クリニック  👤
  [142/150] 吉田歯科醫院  👤🦷
  [143/150] 小田歯科  👤🦷
  [144/150] かすや矯正歯科  👤
  [145/150] 苦楽園口いしみね歯科・小児歯科・矯正歯科  👤
  [146/150] 夙川ファミリーデンタルクリニック    🦷
  [147/150] けいデンタルクリニック  👤🦷
  [148/150] 宮川デンタルクリニック  👤
  [149/150] 医療法人社団 しげしたデンタルクリニック    
  [150/150] 芦屋なのはな歯科  👤🦷
========================================================
  ✅ 完了  抽出成功148 / 取得失敗2
  院長名あり 144院 / 設備あり 139院
========================================================
